  stdafx.cpp
  Camera.cpp
  GameFramework.cpp
  GameObject.cpp
c:\users\bum\desktop\github\school\4학년 1학기\3d게임프로그래밍\샘플프로젝트\labproject(scenes)\labproject\gameobject.cpp(265): warning C4244: '인수': 'double'에서 'float'(으)로 변환하면서 데이터가 손실될 수 있습니다.
  LabProject.cpp
  Mesh.cpp
  Player.cpp
  Scene.cpp
c:\users\bum\desktop\github\school\4학년 1학기\3d게임프로그래밍\샘플프로젝트\labproject(scenes)\labproject\scene.cpp(593): warning C4305: '인수': 'double'에서 'float'(으)로 잘립니다.
c:\users\bum\desktop\github\school\4학년 1학기\3d게임프로그래밍\샘플프로젝트\labproject(scenes)\labproject\scene.cpp(594): warning C4305: '인수': 'double'에서 'float'(으)로 잘립니다.
c:\users\bum\desktop\github\school\4학년 1학기\3d게임프로그래밍\샘플프로젝트\labproject(scenes)\labproject\scene.cpp(595): warning C4305: '인수': 'double'에서 'float'(으)로 잘립니다.
c:\users\bum\desktop\github\school\4학년 1학기\3d게임프로그래밍\샘플프로젝트\labproject(scenes)\labproject\scene.cpp(596): warning C4305: '인수': 'double'에서 'float'(으)로 잘립니다.
c:\users\bum\desktop\github\school\4학년 1학기\3d게임프로그래밍\샘플프로젝트\labproject(scenes)\labproject\scene.cpp(597): warning C4305: '인수': 'double'에서 'float'(으)로 잘립니다.
c:\users\bum\desktop\github\school\4학년 1학기\3d게임프로그래밍\샘플프로젝트\labproject(scenes)\labproject\scene.cpp(598): warning C4305: '인수': 'double'에서 'float'(으)로 잘립니다.
c:\users\bum\desktop\github\school\4학년 1학기\3d게임프로그래밍\샘플프로젝트\labproject(scenes)\labproject\scene.cpp(599): warning C4305: '인수': 'double'에서 'float'(으)로 잘립니다.
c:\users\bum\desktop\github\school\4학년 1학기\3d게임프로그래밍\샘플프로젝트\labproject(scenes)\labproject\scene.cpp(600): warning C4305: '인수': 'double'에서 'float'(으)로 잘립니다.
c:\users\bum\desktop\github\school\4학년 1학기\3d게임프로그래밍\샘플프로젝트\labproject(scenes)\labproject\scene.cpp(601): warning C4305: '인수': 'double'에서 'float'(으)로 잘립니다.
c:\users\bum\desktop\github\school\4학년 1학기\3d게임프로그래밍\샘플프로젝트\labproject(scenes)\labproject\scene.cpp(602): warning C4305: '인수': 'double'에서 'float'(으)로 잘립니다.
c:\users\bum\desktop\github\school\4학년 1학기\3d게임프로그래밍\샘플프로젝트\labproject(scenes)\labproject\scene.cpp(603): warning C4305: '인수': 'double'에서 'float'(으)로 잘립니다.
c:\users\bum\desktop\github\school\4학년 1학기\3d게임프로그래밍\샘플프로젝트\labproject(scenes)\labproject\scene.cpp(605): warning C4305: '인수': 'double'에서 'float'(으)로 잘립니다.
c:\users\bum\desktop\github\school\4학년 1학기\3d게임프로그래밍\샘플프로젝트\labproject(scenes)\labproject\scene.cpp(606): warning C4305: '인수': 'double'에서 'float'(으)로 잘립니다.
c:\users\bum\desktop\github\school\4학년 1학기\3d게임프로그래밍\샘플프로젝트\labproject(scenes)\labproject\scene.cpp(607): warning C4305: '인수': 'double'에서 'float'(으)로 잘립니다.
c:\users\bum\desktop\github\school\4학년 1학기\3d게임프로그래밍\샘플프로젝트\labproject(scenes)\labproject\scene.cpp(608): warning C4305: '인수': 'double'에서 'float'(으)로 잘립니다.
c:\users\bum\desktop\github\school\4학년 1학기\3d게임프로그래밍\샘플프로젝트\labproject(scenes)\labproject\scene.cpp(609): warning C4305: '인수': 'double'에서 'float'(으)로 잘립니다.
c:\users\bum\desktop\github\school\4학년 1학기\3d게임프로그래밍\샘플프로젝트\labproject(scenes)\labproject\scene.cpp(610): warning C4305: '인수': 'double'에서 'float'(으)로 잘립니다.
c:\users\bum\desktop\github\school\4학년 1학기\3d게임프로그래밍\샘플프로젝트\labproject(scenes)\labproject\scene.cpp(611): warning C4305: '인수': 'double'에서 'float'(으)로 잘립니다.
c:\users\bum\desktop\github\school\4학년 1학기\3d게임프로그래밍\샘플프로젝트\labproject(scenes)\labproject\scene.cpp(612): warning C4305: '인수': 'double'에서 'float'(으)로 잘립니다.
c:\users\bum\desktop\github\school\4학년 1학기\3d게임프로그래밍\샘플프로젝트\labproject(scenes)\labproject\scene.cpp(613): warning C4305: '인수': 'double'에서 'float'(으)로 잘립니다.
c:\users\bum\desktop\github\school\4학년 1학기\3d게임프로그래밍\샘플프로젝트\labproject(scenes)\labproject\scene.cpp(614): warning C4305: '인수': 'double'에서 'float'(으)로 잘립니다.
c:\users\bum\desktop\github\school\4학년 1학기\3d게임프로그래밍\샘플프로젝트\labproject(scenes)\labproject\scene.cpp(615): warning C4305: '인수': 'double'에서 'float'(으)로 잘립니다.
c:\users\bum\desktop\github\school\4학년 1학기\3d게임프로그래밍\샘플프로젝트\labproject(scenes)\labproject\scene.cpp(616): warning C4305: '인수': 'double'에서 'float'(으)로 잘립니다.
c:\users\bum\desktop\github\school\4학년 1학기\3d게임프로그래밍\샘플프로젝트\labproject(scenes)\labproject\scene.cpp(617): warning C4305: '인수': 'double'에서 'float'(으)로 잘립니다.
c:\users\bum\desktop\github\school\4학년 1학기\3d게임프로그래밍\샘플프로젝트\labproject(scenes)\labproject\scene.cpp(618): warning C4305: '인수': 'double'에서 'float'(으)로 잘립니다.
c:\users\bum\desktop\github\school\4학년 1학기\3d게임프로그래밍\샘플프로젝트\labproject(scenes)\labproject\scene.cpp(619): warning C4305: '인수': 'double'에서 'float'(으)로 잘립니다.
c:\users\bum\desktop\github\school\4학년 1학기\3d게임프로그래밍\샘플프로젝트\labproject(scenes)\labproject\scene.cpp(620): warning C4305: '인수': 'double'에서 'float'(으)로 잘립니다.
  Timer.cpp
  코드를 생성하고 있습니다.
  285 of 287 functions (99.3%) were compiled, the rest were copied from previous compilation.
    2 functions were new in current compilation
    1 functions had inline decision re-evaluated but remain unchanged
  코드를 생성했습니다.
  LabProject.vcxproj -> C:\Users\Bum\Desktop\GitHub\school\4학년 1학기\3d게임프로그래밍\샘플프로젝트\LabProject(Scenes)\x64\Release\LabProject.exe
