  stdafx.cpp
  Camera.cpp
  GameFramework.cpp
  GameObject.cpp
GameObject.cpp(265): warning C4244: '인수': 'double'에서 'float'(으)로 변환하면서 데이터가 손실될 수 있습니다.
  LabProject.cpp
  Mesh.cpp
  Player.cpp
  Scene.cpp
Scene.cpp(588): warning C4305: '인수': 'double'에서 'float'(으)로 잘립니다.
Scene.cpp(589): warning C4305: '인수': 'double'에서 'float'(으)로 잘립니다.
Scene.cpp(590): warning C4305: '인수': 'double'에서 'float'(으)로 잘립니다.
Scene.cpp(591): warning C4305: '인수': 'double'에서 'float'(으)로 잘립니다.
Scene.cpp(592): warning C4305: '인수': 'double'에서 'float'(으)로 잘립니다.
Scene.cpp(593): warning C4305: '인수': 'double'에서 'float'(으)로 잘립니다.
Scene.cpp(594): warning C4305: '인수': 'double'에서 'float'(으)로 잘립니다.
Scene.cpp(595): warning C4305: '인수': 'double'에서 'float'(으)로 잘립니다.
Scene.cpp(596): warning C4305: '인수': 'double'에서 'float'(으)로 잘립니다.
Scene.cpp(597): warning C4305: '인수': 'double'에서 'float'(으)로 잘립니다.
Scene.cpp(598): warning C4305: '인수': 'double'에서 'float'(으)로 잘립니다.
Scene.cpp(600): warning C4305: '인수': 'double'에서 'float'(으)로 잘립니다.
Scene.cpp(601): warning C4305: '인수': 'double'에서 'float'(으)로 잘립니다.
Scene.cpp(602): warning C4305: '인수': 'double'에서 'float'(으)로 잘립니다.
Scene.cpp(603): warning C4305: '인수': 'double'에서 'float'(으)로 잘립니다.
Scene.cpp(604): warning C4305: '인수': 'double'에서 'float'(으)로 잘립니다.
Scene.cpp(605): warning C4305: '인수': 'double'에서 'float'(으)로 잘립니다.
Scene.cpp(606): warning C4305: '인수': 'double'에서 'float'(으)로 잘립니다.
Scene.cpp(607): warning C4305: '인수': 'double'에서 'float'(으)로 잘립니다.
Scene.cpp(608): warning C4305: '인수': 'double'에서 'float'(으)로 잘립니다.
Scene.cpp(609): warning C4305: '인수': 'double'에서 'float'(으)로 잘립니다.
Scene.cpp(610): warning C4305: '인수': 'double'에서 'float'(으)로 잘립니다.
Scene.cpp(611): warning C4305: '인수': 'double'에서 'float'(으)로 잘립니다.
Scene.cpp(612): warning C4305: '인수': 'double'에서 'float'(으)로 잘립니다.
Scene.cpp(613): warning C4305: '인수': 'double'에서 'float'(으)로 잘립니다.
Scene.cpp(614): warning C4305: '인수': 'double'에서 'float'(으)로 잘립니다.
Scene.cpp(615): warning C4305: '인수': 'double'에서 'float'(으)로 잘립니다.
  Timer.cpp
  코드를 생성하고 있습니다...
  LabProject.vcxproj -> C:\Users\MS\Desktop\DirectX_11_자료\18다렉\LabProject(Scenes)\x64\Debug\LabProject.exe
  LabProject.vcxproj -> C:\Users\MS\Desktop\DirectX_11_자료\18다렉\LabProject(Scenes)\x64\Debug\LabProject.pdb (Full PDB)
