c:\users\bum\desktop\github\school\4학년 2학기\게임 서버 프로그래밍\개인과제\project_boem\project_beom\project_beom\x64\release\project_beom.pch
c:\users\bum\desktop\github\school\4학년 2학기\게임 서버 프로그래밍\개인과제\project_boem\project_beom\project_beom\x64\release\vc142.pdb
c:\users\bum\desktop\github\school\4학년 2학기\게임 서버 프로그래밍\개인과제\project_boem\project_beom\project_beom\x64\release\stdafx.obj
c:\users\bum\desktop\github\school\4학년 2학기\게임 서버 프로그래밍\개인과제\project_boem\project_beom\project_beom\x64\release\timermanager.obj
c:\users\bum\desktop\github\school\4학년 2학기\게임 서버 프로그래밍\개인과제\project_boem\project_beom\project_beom\x64\release\timer.obj
c:\users\bum\desktop\github\school\4학년 2학기\게임 서버 프로그래밍\개인과제\project_boem\project_beom\project_beom\x64\release\testscene.obj
c:\users\bum\desktop\github\school\4학년 2학기\게임 서버 프로그래밍\개인과제\project_boem\project_beom\project_beom\x64\release\testmenuscene.obj
c:\users\bum\desktop\github\school\4학년 2학기\게임 서버 프로그래밍\개인과제\project_boem\project_beom\project_beom\x64\release\wincallbackmanager.obj
c:\users\bum\desktop\github\school\4학년 2학기\게임 서버 프로그래밍\개인과제\project_boem\project_beom\project_beom\x64\release\scenemanager.obj
c:\users\bum\desktop\github\school\4학년 2학기\게임 서버 프로그래밍\개인과제\project_boem\project_beom\project_beom\x64\release\scene.obj
c:\users\bum\desktop\github\school\4학년 2학기\게임 서버 프로그래밍\개인과제\project_boem\project_beom\project_beom\x64\release\project_beom.obj
c:\users\bum\desktop\github\school\4학년 2학기\게임 서버 프로그래밍\개인과제\project_boem\project_beom\project_beom\x64\release\player.obj
c:\users\bum\desktop\github\school\4학년 2학기\게임 서버 프로그래밍\개인과제\project_boem\project_beom\project_beom\x64\release\networkmanager.obj
c:\users\bum\desktop\github\school\4학년 2학기\게임 서버 프로그래밍\개인과제\project_boem\project_beom\project_beom\x64\release\mouse.obj
c:\users\bum\desktop\github\school\4학년 2학기\게임 서버 프로그래밍\개인과제\project_boem\project_beom\project_beom\x64\release\maingame.obj
c:\users\bum\desktop\github\school\4학년 2학기\게임 서버 프로그래밍\개인과제\project_boem\project_beom\project_beom\x64\release\keymanager.obj
c:\users\bum\desktop\github\school\4학년 2학기\게임 서버 프로그래밍\개인과제\project_boem\project_beom\project_beom\x64\release\gameobject.obj
c:\users\bum\desktop\github\school\4학년 2학기\게임 서버 프로그래밍\개인과제\project_boem\project_beom\project_beom\x64\release\framemanager.obj
c:\users\bum\desktop\github\school\4학년 2학기\게임 서버 프로그래밍\개인과제\project_boem\project_beom\project_beom\x64\release\frame.obj
c:\users\bum\desktop\github\school\4학년 2학기\게임 서버 프로그래밍\개인과제\project_boem\project_beom\project_beom\x64\release\chessmanager.obj
c:\users\bum\desktop\github\school\4학년 2학기\게임 서버 프로그래밍\개인과제\project_boem\project_beom\project_beom\x64\release\board.obj
c:\users\bum\desktop\github\school\4학년 2학기\게임 서버 프로그래밍\개인과제\project_boem\project_beom\project_beom\x64\release\bmpmanager.obj
c:\users\bum\desktop\github\school\4학년 2학기\게임 서버 프로그래밍\개인과제\project_boem\project_beom\project_beom\x64\release\bitmap.obj
c:\users\bum\desktop\github\school\4학년 2학기\게임 서버 프로그래밍\개인과제\project_boem\project_beom\bin\bin64_release\project_beom.ipdb
c:\users\bum\desktop\github\school\4학년 2학기\게임 서버 프로그래밍\개인과제\project_boem\project_beom\bin\bin64_release\project_beom.iobj
c:\users\bum\desktop\github\school\4학년 2학기\게임 서버 프로그래밍\개인과제\project_boem\project_beom\project_beom\x64\release\project_beom.res
c:\users\bum\desktop\github\school\4학년 2학기\게임 서버 프로그래밍\개인과제\project_boem\project_beom\project_beom\..\bin\bin64_release\project_beom.exe
c:\users\bum\desktop\github\school\4학년 2학기\게임 서버 프로그래밍\개인과제\project_boem\project_beom\project_beom\x64\release\project_beom.tlog\cl.command.1.tlog
c:\users\bum\desktop\github\school\4학년 2학기\게임 서버 프로그래밍\개인과제\project_boem\project_beom\project_beom\x64\release\project_beom.tlog\cl.read.1.tlog
c:\users\bum\desktop\github\school\4학년 2학기\게임 서버 프로그래밍\개인과제\project_boem\project_beom\project_beom\x64\release\project_beom.tlog\cl.write.1.tlog
c:\users\bum\desktop\github\school\4학년 2학기\게임 서버 프로그래밍\개인과제\project_boem\project_beom\project_beom\x64\release\project_beom.tlog\link.command.1.tlog
c:\users\bum\desktop\github\school\4학년 2학기\게임 서버 프로그래밍\개인과제\project_boem\project_beom\project_beom\x64\release\project_beom.tlog\link.delete.1.tlog
c:\users\bum\desktop\github\school\4학년 2학기\게임 서버 프로그래밍\개인과제\project_boem\project_beom\project_beom\x64\release\project_beom.tlog\link.read.1.tlog
c:\users\bum\desktop\github\school\4학년 2학기\게임 서버 프로그래밍\개인과제\project_boem\project_beom\project_beom\x64\release\project_beom.tlog\link.write.1.tlog
c:\users\bum\desktop\github\school\4학년 2학기\게임 서버 프로그래밍\개인과제\project_boem\project_beom\project_beom\x64\release\project_beom.tlog\project_beom.write.1u.tlog
c:\users\bum\desktop\github\school\4학년 2학기\게임 서버 프로그래밍\개인과제\project_boem\project_beom\project_beom\x64\release\project_beom.tlog\rc.command.1.tlog
c:\users\bum\desktop\github\school\4학년 2학기\게임 서버 프로그래밍\개인과제\project_boem\project_beom\project_beom\x64\release\project_beom.tlog\rc.read.1.tlog
c:\users\bum\desktop\github\school\4학년 2학기\게임 서버 프로그래밍\개인과제\project_boem\project_beom\project_beom\x64\release\project_beom.tlog\rc.write.1.tlog
