  pch.cpp
  BinarySearchTree.cpp
c:\users\ms\desktop\binarytree\binarytree\binarysearchtree.cpp(84): error C2065: 'cout': 선언되지 않은 식별자입니다.
c:\users\ms\desktop\binarytree\binarytree\binarysearchtree.cpp(84): error C2065: 'endl': 선언되지 않은 식별자입니다.
c:\users\ms\desktop\binarytree\binarytree\binarysearchtree.cpp(96): error C2065: 'cout': 선언되지 않은 식별자입니다.
c:\users\ms\desktop\binarytree\binarytree\binarysearchtree.cpp(96): error C2065: 'endl': 선언되지 않은 식별자입니다.
c:\users\ms\desktop\binarytree\binarytree\binarysearchtree.cpp(105): error C2065: 'cout': 선언되지 않은 식별자입니다.
c:\users\ms\desktop\binarytree\binarytree\binarysearchtree.cpp(105): error C2065: 'endl': 선언되지 않은 식별자입니다.
c:\users\ms\desktop\binarytree\binarytree\binarysearchtree.cpp(122): error C2065: 'cout': 선언되지 않은 식별자입니다.
c:\users\ms\desktop\binarytree\binarytree\binarysearchtree.cpp(122): error C2065: 'endl': 선언되지 않은 식별자입니다.
c:\users\ms\desktop\binarytree\binarytree\binarysearchtree.cpp(128): error C2065: 'cout': 선언되지 않은 식별자입니다.
c:\users\ms\desktop\binarytree\binarytree\binarysearchtree.cpp(128): error C2065: 'endl': 선언되지 않은 식별자입니다.
c:\users\ms\desktop\binarytree\binarytree\binarysearchtree.cpp(134): error C2065: 'cout': 선언되지 않은 식별자입니다.
c:\users\ms\desktop\binarytree\binarytree\binarysearchtree.cpp(134): error C2065: 'endl': 선언되지 않은 식별자입니다.
  Tree_AVL.cpp
c:\users\ms\desktop\binarytree\binarytree\tree_avl.cpp(22): error C3861: 'max': 식별자를 찾을 수 없습니다.
c:\users\ms\desktop\binarytree\binarytree\tree_avl.cpp(138): error C3861: 'printf': 식별자를 찾을 수 없습니다.
c:\users\ms\desktop\binarytree\binarytree\tree_avl.cpp(144): error C2065: 'cout': 선언되지 않은 식별자입니다.
c:\users\ms\desktop\binarytree\binarytree\tree_avl.cpp(150): error C2065: 'cout': 선언되지 않은 식별자입니다.
c:\users\ms\desktop\binarytree\binarytree\tree_avl.cpp(154): error C2065: 'cout': 선언되지 않은 식별자입니다.
c:\users\ms\desktop\binarytree\binarytree\tree_avl.cpp(167): error C2065: 'cout': 선언되지 않은 식별자입니다.
c:\users\ms\desktop\binarytree\binarytree\tree_avl.cpp(176): error C2065: 'cout': 선언되지 않은 식별자입니다.
c:\users\ms\desktop\binarytree\binarytree\tree_avl.cpp(188): error C2065: 'cout': 선언되지 않은 식별자입니다.
  main.cpp
c:\users\ms\desktop\binarytree\binarytree\main.cpp(49): error C2065: 'cout': 선언되지 않은 식별자입니다.
c:\users\ms\desktop\binarytree\binarytree\main.cpp(49): error C2065: 'endl': 선언되지 않은 식별자입니다.
c:\users\ms\desktop\binarytree\binarytree\main.cpp(50): error C2065: 'cout': 선언되지 않은 식별자입니다.
c:\users\ms\desktop\binarytree\binarytree\main.cpp(50): error C2065: 'endl': 선언되지 않은 식별자입니다.
c:\users\ms\desktop\binarytree\binarytree\main.cpp(51): error C2065: 'cout': 선언되지 않은 식별자입니다.
c:\users\ms\desktop\binarytree\binarytree\main.cpp(51): error C2065: 'endl': 선언되지 않은 식별자입니다.
c:\users\ms\desktop\binarytree\binarytree\main.cpp(52): error C2065: 'cout': 선언되지 않은 식별자입니다.
c:\users\ms\desktop\binarytree\binarytree\main.cpp(52): error C2065: 'endl': 선언되지 않은 식별자입니다.
c:\users\ms\desktop\binarytree\binarytree\main.cpp(53): error C2065: 'cout': 선언되지 않은 식별자입니다.
c:\users\ms\desktop\binarytree\binarytree\main.cpp(53): error C2065: 'endl': 선언되지 않은 식별자입니다.
c:\users\ms\desktop\binarytree\binarytree\main.cpp(54): error C2065: 'cout': 선언되지 않은 식별자입니다.
c:\users\ms\desktop\binarytree\binarytree\main.cpp(54): error C2065: 'endl': 선언되지 않은 식별자입니다.
c:\users\ms\desktop\binarytree\binarytree\main.cpp(55): error C2065: 'cout': 선언되지 않은 식별자입니다.
c:\users\ms\desktop\binarytree\binarytree\main.cpp(55): error C2065: 'endl': 선언되지 않은 식별자입니다.
c:\users\ms\desktop\binarytree\binarytree\main.cpp(56): error C2065: 'cout': 선언되지 않은 식별자입니다.
c:\users\ms\desktop\binarytree\binarytree\main.cpp(56): error C2065: 'endl': 선언되지 않은 식별자입니다.
c:\users\ms\desktop\binarytree\binarytree\main.cpp(57): error C2065: 'cout': 선언되지 않은 식별자입니다.
c:\users\ms\desktop\binarytree\binarytree\main.cpp(57): error C2065: 'endl': 선언되지 않은 식별자입니다.
c:\users\ms\desktop\binarytree\binarytree\main.cpp(58): error C2065: 'cout': 선언되지 않은 식별자입니다.
c:\users\ms\desktop\binarytree\binarytree\main.cpp(59): error C2065: 'cin': 선언되지 않은 식별자입니다.
c:\users\ms\desktop\binarytree\binarytree\main.cpp(64): error C2065: 'cout': 선언되지 않은 식별자입니다.
c:\users\ms\desktop\binarytree\binarytree\main.cpp(65): error C2065: 'cin': 선언되지 않은 식별자입니다.
c:\users\ms\desktop\binarytree\binarytree\main.cpp(70): error C2065: 'cout': 선언되지 않은 식별자입니다.
c:\users\ms\desktop\binarytree\binarytree\main.cpp(70): error C2065: 'endl': 선언되지 않은 식별자입니다.
c:\users\ms\desktop\binarytree\binarytree\main.cpp(74): error C2065: 'cout': 선언되지 않은 식별자입니다.
c:\users\ms\desktop\binarytree\binarytree\main.cpp(74): error C2065: 'endl': 선언되지 않은 식별자입니다.
c:\users\ms\desktop\binarytree\binarytree\main.cpp(78): error C2065: 'cout': 선언되지 않은 식별자입니다.
c:\users\ms\desktop\binarytree\binarytree\main.cpp(78): error C2065: 'endl': 선언되지 않은 식별자입니다.
c:\users\ms\desktop\binarytree\binarytree\main.cpp(80): error C2065: 'cout': 선언되지 않은 식별자입니다.
c:\users\ms\desktop\binarytree\binarytree\main.cpp(80): error C2065: 'endl': 선언되지 않은 식별자입니다.
c:\users\ms\desktop\binarytree\binarytree\main.cpp(83): error C2065: 'cout': 선언되지 않은 식별자입니다.
c:\users\ms\desktop\binarytree\binarytree\main.cpp(83): error C2065: 'endl': 선언되지 않은 식별자입니다.
c:\users\ms\desktop\binarytree\binarytree\main.cpp(85): error C2065: 'cout': 선언되지 않은 식별자입니다.
c:\users\ms\desktop\binarytree\binarytree\main.cpp(85): error C2065: 'endl': 선언되지 않은 식별자입니다.
c:\users\ms\desktop\binarytree\binarytree\main.cpp(88): error C2065: 'cout': 선언되지 않은 식별자입니다.
c:\users\ms\desktop\binarytree\binarytree\main.cpp(88): error C2065: 'endl': 선언되지 않은 식별자입니다.
c:\users\ms\desktop\binarytree\binarytree\main.cpp(90): error C2065: 'cout': 선언되지 않은 식별자입니다.
c:\users\ms\desktop\binarytree\binarytree\main.cpp(90): error C2065: 'endl': 선언되지 않은 식별자입니다.
c:\users\ms\desktop\binarytree\binarytree\main.cpp(93): error C3861: 'exit': 식별자를 찾을 수 없습니다.
c:\users\ms\desktop\binarytree\binarytree\main.cpp(96): error C2065: 'cout': 선언되지 않은 식별자입니다.
c:\users\ms\desktop\binarytree\binarytree\main.cpp(96): error C2065: 'endl': 선언되지 않은 식별자입니다.
  코드를 생성하고 있습니다...
